{"numTotalTestSuites":33,"numPassedTestSuites":33,"numFailedTestSuites":0,"numPendingTestSuites":0,"numTotalTests":91,"numPassedTests":91,"numFailedTests":0,"numPendingTests":0,"numTodoTests":0,"snapshot":{"added":0,"failure":false,"filesAdded":0,"filesRemoved":0,"filesRemovedList":[],"filesUnmatched":0,"filesUpdated":0,"matched":0,"total":0,"unchecked":0,"uncheckedKeysByFile":[],"unmatched":0,"updated":0,"didUpdate":false},"startTime":1761969197228,"success":true,"testResults":[{"assertionResults":[{"ancestorTitles":["审计日志页面（UI）"],"fullName":"审计日志页面（UI） 加载审计日志列表并展示核心列与数据","status":"passed","title":"加载审计日志列表并展示核心列与数据","duration":97.38341700000001,"failureMessages":[],"meta":{}},{"ancestorTitles":["审计日志页面（UI）"],"fullName":"审计日志页面（UI） 支持搜索功能并更新路由参数","status":"passed","title":"支持搜索功能并更新路由参数","duration":94.4459589999999,"failureMessages":[],"meta":{}},{"ancestorTitles":["审计日志页面（UI）"],"fullName":"审计日志页面（UI） 支持导出功能并显示提示","status":"passed","title":"支持导出功能并显示提示","duration":37.94095900000002,"failureMessages":[],"meta":{}}],"startTime":1761969198689,"endTime":1761969198918.941,"status":"passed","message":"","name":"/Users/royzhu/software/study/nau-works/693/apps/frontend/tests/admin.audit.page.spec.tsx"},{"assertionResults":[{"ancestorTitles":["策略管理页面（UI）"],"fullName":"策略管理页面（UI） 加载策略列表并展示核心列与数据","status":"passed","title":"加载策略列表并展示核心列与数据","duration":97.51729100000011,"failureMessages":[],"meta":{}},{"ancestorTitles":["策略管理页面（UI）"],"fullName":"策略管理页面（UI） 支持资源权限展开与收起","status":"passed","title":"支持资源权限展开与收起","duration":95.12537500000008,"failureMessages":[],"meta":{}},{"ancestorTitles":["策略管理页面（UI）"],"fullName":"策略管理页面（UI） 支持权限开关操作并显示提示","status":"passed","title":"支持权限开关操作并显示提示","duration":127.12512500000003,"failureMessages":[],"meta":{}},{"ancestorTitles":["策略管理页面（UI）"],"fullName":"策略管理页面（UI） 禁用的操作不可用","status":"passed","title":"禁用的操作不可用","duration":80.62879199999998,"failureMessages":[],"meta":{}},{"ancestorTitles":["策略管理页面（UI）"],"fullName":"策略管理页面（UI） 空数据状态正确显示","status":"passed","title":"空数据状态正确显示","duration":25.630750000000035,"failureMessages":[],"meta":{}}],"startTime":1761969198679,"endTime":1761969199105.6309,"status":"passed","message":"","name":"/Users/royzhu/software/study/nau-works/693/apps/frontend/tests/admin.policies.page.spec.tsx"},{"assertionResults":[{"ancestorTitles":["KnowledgeSources API Mock Tests","1. 知识源列表功能"],"fullName":"KnowledgeSources API Mock Tests 1. 知识源列表功能 应该正确返回知识源列表","status":"passed","title":"应该正确返回知识源列表","duration":24.297166999999945,"failureMessages":[],"meta":{}},{"ancestorTitles":["KnowledgeSources API Mock Tests","1. 知识源列表功能"],"fullName":"KnowledgeSources API Mock Tests 1. 知识源列表功能 应该支持搜索功能","status":"passed","title":"应该支持搜索功能","duration":9.89129099999991,"failureMessages":[],"meta":{}},{"ancestorTitles":["KnowledgeSources API Mock Tests","1. 知识源列表功能"],"fullName":"KnowledgeSources API Mock Tests 1. 知识源列表功能 应该支持状态筛选","status":"passed","title":"应该支持状态筛选","duration":10.106500000000096,"failureMessages":[],"meta":{}},{"ancestorTitles":["KnowledgeSources API Mock Tests","1. 知识源列表功能"],"fullName":"KnowledgeSources API Mock Tests 1. 知识源列表功能 应该支持组合筛选","status":"passed","title":"应该支持组合筛选","duration":17.089833,"failureMessages":[],"meta":{}},{"ancestorTitles":["KnowledgeSources API Mock Tests","2. 新增知识源功能"],"fullName":"KnowledgeSources API Mock Tests 2. 新增知识源功能 应该正确创建知识源","status":"passed","title":"应该正确创建知识源","duration":4.700542000000041,"failureMessages":[],"meta":{}},{"ancestorTitles":["KnowledgeSources API Mock Tests","2. 新增知识源功能"],"fullName":"KnowledgeSources API Mock Tests 2. 新增知识源功能 应该在创建失败时抛出错误","status":"passed","title":"应该在创建失败时抛出错误","duration":4.224416999999903,"failureMessages":[],"meta":{}},{"ancestorTitles":["KnowledgeSources API Mock Tests","3. 更新知识源功能"],"fullName":"KnowledgeSources API Mock Tests 3. 更新知识源功能 应该正确更新知识源状态","status":"passed","title":"应该正确更新知识源状态","duration":8.698999999999842,"failureMessages":[],"meta":{}},{"ancestorTitles":["KnowledgeSources API Mock Tests","3. 更新知识源功能"],"fullName":"KnowledgeSources API Mock Tests 3. 更新知识源功能 应该正确更新知识源配置","status":"passed","title":"应该正确更新知识源配置","duration":34.881834000000026,"failureMessages":[],"meta":{}},{"ancestorTitles":["KnowledgeSources API Mock Tests","3. 更新知识源功能"],"fullName":"KnowledgeSources API Mock Tests 3. 更新知识源功能 应该在更新不存在的知识源时返回404","status":"passed","title":"应该在更新不存在的知识源时返回404","duration":15.85916599999996,"failureMessages":[],"meta":{}},{"ancestorTitles":["KnowledgeSources API Mock Tests","4. 删除知识源功能"],"fullName":"KnowledgeSources API Mock Tests 4. 删除知识源功能 应该正确删除知识源","status":"passed","title":"应该正确删除知识源","duration":15.380167000000029,"failureMessages":[],"meta":{}},{"ancestorTitles":["KnowledgeSources API Mock Tests","4. 删除知识源功能"],"fullName":"KnowledgeSources API Mock Tests 4. 删除知识源功能 应该在删除不存在的知识源时返回404","status":"passed","title":"应该在删除不存在的知识源时返回404","duration":4.60833300000013,"failureMessages":[],"meta":{}},{"ancestorTitles":["KnowledgeSources API Mock Tests","5. 触发同步功能"],"fullName":"KnowledgeSources API Mock Tests 5. 触发同步功能 应该正确触发知识源同步","status":"passed","title":"应该正确触发知识源同步","duration":8.862833000000137,"failureMessages":[],"meta":{}},{"ancestorTitles":["KnowledgeSources API Mock Tests","5. 触发同步功能"],"fullName":"KnowledgeSources API Mock Tests 5. 触发同步功能 应该在触发不存在的知识源同步时返回404","status":"passed","title":"应该在触发不存在的知识源同步时返回404","duration":4.0678750000001855,"failureMessages":[],"meta":{}},{"ancestorTitles":["KnowledgeSources API Mock Tests","5. 触发同步功能"],"fullName":"KnowledgeSources API Mock Tests 5. 触发同步功能 应该在同步后更新知识源状态","status":"passed","title":"应该在同步后更新知识源状态","duration":7.7426670000002105,"failureMessages":[],"meta":{}},{"ancestorTitles":["KnowledgeSources API Mock Tests","6. 综合场景测试"],"fullName":"KnowledgeSources API Mock Tests 6. 综合场景测试 应该支持完整的知识源生命周期","status":"passed","title":"应该支持完整的知识源生命周期","duration":26.102125000000115,"failureMessages":[],"meta":{}},{"ancestorTitles":["KnowledgeSources API Mock Tests","6. 综合场景测试"],"fullName":"KnowledgeSources API Mock Tests 6. 综合场景测试 应该正确处理分页","status":"passed","title":"应该正确处理分页","duration":7.879832999999962,"failureMessages":[],"meta":{}}],"startTime":1761969198428,"endTime":1761969198632.88,"status":"passed","message":"","name":"/Users/royzhu/software/study/nau-works/693/apps/frontend/tests/admin.sources.mock.spec.ts"},{"assertionResults":[{"ancestorTitles":["知识源管理页面（UI）"],"fullName":"知识源管理页面（UI） 加载列表并展示核心列与数据","status":"passed","title":"加载列表并展示核心列与数据","duration":238.67166700000053,"failureMessages":[],"meta":{}},{"ancestorTitles":["知识源管理页面（UI）"],"fullName":"知识源管理页面（UI） 支持搜索与状态筛选过滤","status":"passed","title":"支持搜索与状态筛选过滤","duration":460.79733300000044,"failureMessages":[],"meta":{}},{"ancestorTitles":["知识源管理页面（UI）"],"fullName":"知识源管理页面（UI） 新增知识源时触发表单校验并成功创建","status":"passed","title":"新增知识源时触发表单校验并成功创建","duration":521.6266670000005,"failureMessages":[],"meta":{}},{"ancestorTitles":["知识源管理页面（UI）"],"fullName":"知识源管理页面（UI） 支持禁用/启用与触发同步操作并展示提示","status":"passed","title":"支持禁用/启用与触发同步操作并展示提示","duration":537.3598329999995,"failureMessages":[],"meta":{}},{"ancestorTitles":["知识源管理页面（UI）"],"fullName":"知识源管理页面（UI） 支持批量操作流程并刷新状态","status":"passed","title":"支持批量操作流程并刷新状态","duration":417.183583,"failureMessages":[],"meta":{}}],"startTime":1761969201229,"endTime":1761969203405.1836,"status":"passed","message":"","name":"/Users/royzhu/software/study/nau-works/693/apps/frontend/tests/admin.sources.page.spec.tsx"},{"assertionResults":[{"ancestorTitles":["用户管理页面（UI）"],"fullName":"用户管理页面（UI） 加载用户列表并展示核心列与数据","status":"passed","title":"加载用户列表并展示核心列与数据","duration":194.51708299999996,"failureMessages":[],"meta":{}},{"ancestorTitles":["用户管理页面（UI）"],"fullName":"用户管理页面（UI） 支持搜索与状态筛选过滤","status":"passed","title":"支持搜索与状态筛选过滤","duration":365.4175419999999,"failureMessages":[],"meta":{}},{"ancestorTitles":["用户管理页面（UI）"],"fullName":"用户管理页面（UI） 角色切换成功并显示提示","status":"passed","title":"角色切换成功并显示提示","duration":107.88345900000013,"failureMessages":[],"meta":{}},{"ancestorTitles":["用户管理页面（UI）"],"fullName":"用户管理页面（UI） 重置密码操作成功并显示临时密码","status":"passed","title":"重置密码操作成功并显示临时密码","duration":265.3267500000002,"failureMessages":[],"meta":{}},{"ancestorTitles":["用户管理页面（UI）"],"fullName":"用户管理页面（UI） 权限错误提示正常显示","status":"passed","title":"权限错误提示正常显示","duration":96.44812499999989,"failureMessages":[],"meta":{}},{"ancestorTitles":["用户管理页面（UI）"],"fullName":"用户管理页面（UI） 空数据状态正确显示","status":"passed","title":"空数据状态正确显示","duration":21.14700000000039,"failureMessages":[],"meta":{}},{"ancestorTitles":["用户管理页面（UI）"],"fullName":"用户管理页面（UI） 搜索结果为空时显示正确提示","status":"passed","title":"搜索结果为空时显示正确提示","duration":156.40433299999995,"failureMessages":[],"meta":{}}],"startTime":1761969198719,"endTime":1761969199926.4043,"status":"passed","message":"","name":"/Users/royzhu/software/study/nau-works/693/apps/frontend/tests/admin.users.page.spec.tsx"},{"assertionResults":[{"ancestorTitles":["SignUpForm Integration Tests"],"fullName":"SignUpForm Integration Tests renders all form fields correctly","status":"passed","title":"renders all form fields correctly","duration":102.23154099999988,"failureMessages":[],"meta":{}},{"ancestorTitles":["SignUpForm Integration Tests"],"fullName":"SignUpForm Integration Tests validates required fields","status":"passed","title":"validates required fields","duration":53.046166000000085,"failureMessages":[],"meta":{}},{"ancestorTitles":["SignUpForm Integration Tests"],"fullName":"SignUpForm Integration Tests validates email format","status":"passed","title":"validates email format","duration":89.868334,"failureMessages":[],"meta":{}},{"ancestorTitles":["SignUpForm Integration Tests"],"fullName":"SignUpForm Integration Tests validates password length","status":"passed","title":"validates password length","duration":53.0804169999999,"failureMessages":[],"meta":{}},{"ancestorTitles":["SignUpForm Integration Tests"],"fullName":"SignUpForm Integration Tests validates password confirmation match","status":"passed","title":"validates password confirmation match","duration":128.58391699999993,"failureMessages":[],"meta":{}},{"ancestorTitles":["SignUpForm Integration Tests"],"fullName":"SignUpForm Integration Tests validates name length","status":"passed","title":"validates name length","duration":152.87754199999995,"failureMessages":[],"meta":{}},{"ancestorTitles":["SignUpForm Integration Tests"],"fullName":"SignUpForm Integration Tests accepts empty company and department fields","status":"passed","title":"accepts empty company and department fields","duration":177.48258399999986,"failureMessages":[],"meta":{}},{"ancestorTitles":["SignUpForm Integration Tests"],"fullName":"SignUpForm Integration Tests submits form with all fields including company and department","status":"passed","title":"submits form with all fields including company and department","duration":242.09616700000015,"failureMessages":[],"meta":{}},{"ancestorTitles":["SignUpForm Integration Tests"],"fullName":"SignUpForm Integration Tests shows success toast and auto-login option after successful registration","status":"passed","title":"shows success toast and auto-login option after successful registration","duration":173.66204199999993,"failureMessages":[],"meta":{}},{"ancestorTitles":["SignUpForm Integration Tests"],"fullName":"SignUpForm Integration Tests handles registration failure with error message","status":"passed","title":"handles registration failure with error message","duration":174.60958299999993,"failureMessages":[],"meta":{}},{"ancestorTitles":["SignUpForm Integration Tests"],"fullName":"SignUpForm Integration Tests handles auto-login failure gracefully","status":"passed","title":"handles auto-login failure gracefully","duration":166.11658399999988,"failureMessages":[],"meta":{}},{"ancestorTitles":["SignUpForm Integration Tests"],"fullName":"SignUpForm Integration Tests disables submit button during submission","status":"passed","title":"disables submit button during submission","duration":166.43983300000036,"failureMessages":[],"meta":{}}],"startTime":1761969198693,"endTime":1761969200373.44,"status":"passed","message":"","name":"/Users/royzhu/software/study/nau-works/693/apps/frontend/tests/auth-form-validation.spec.tsx"},{"assertionResults":[{"ancestorTitles":["Auth mock flows"],"fullName":"Auth mock flows signs in with valid credentials","status":"passed","title":"signs in with valid credentials","duration":11.880167000000029,"failureMessages":[],"meta":{}},{"ancestorTitles":["Auth mock flows"],"fullName":"Auth mock flows fails sign in with invalid password","status":"passed","title":"fails sign in with invalid password","duration":2.0859580000001188,"failureMessages":[],"meta":{}},{"ancestorTitles":["Auth mock flows"],"fullName":"Auth mock flows registers a new account","status":"passed","title":"registers a new account","duration":2.495999999999867,"failureMessages":[],"meta":{}},{"ancestorTitles":["Auth mock flows"],"fullName":"Auth mock flows verifies otp after requesting password reset","status":"passed","title":"verifies otp after requesting password reset","duration":6.390540999999985,"failureMessages":[],"meta":{}},{"ancestorTitles":["Auth mock flows"],"fullName":"Auth mock flows handles two-step registration flow successfully","status":"passed","title":"handles two-step registration flow successfully","duration":3.9284589999999753,"failureMessages":[],"meta":{}},{"ancestorTitles":["Auth mock flows"],"fullName":"Auth mock flows handles registration with empty company and department","status":"passed","title":"handles registration with empty company and department","duration":1.2137920000000122,"failureMessages":[],"meta":{}},{"ancestorTitles":["Auth mock flows"],"fullName":"Auth mock flows handles registration with optional company and department omitted","status":"passed","title":"handles registration with optional company and department omitted","duration":1.0507089999998698,"failureMessages":[],"meta":{}},{"ancestorTitles":["Auth mock flows"],"fullName":"Auth mock flows handles registration with only company provided","status":"passed","title":"handles registration with only company provided","duration":1.0632909999999356,"failureMessages":[],"meta":{}},{"ancestorTitles":["Auth mock flows"],"fullName":"Auth mock flows handles registration with only department provided","status":"passed","title":"handles registration with only department provided","duration":1.0016669999999976,"failureMessages":[],"meta":{}},{"ancestorTitles":["Auth mock flows"],"fullName":"Auth mock flows fails registration with invalid email format","status":"passed","title":"fails registration with invalid email format","duration":1.0902909999999792,"failureMessages":[],"meta":{}},{"ancestorTitles":["Auth mock flows"],"fullName":"Auth mock flows fails registration with short password","status":"passed","title":"fails registration with short password","duration":0.9900829999999132,"failureMessages":[],"meta":{}},{"ancestorTitles":["Auth mock flows"],"fullName":"Auth mock flows handles login failure after successful registration","status":"passed","title":"handles login failure after successful registration","duration":1.5369590000000244,"failureMessages":[],"meta":{}}],"startTime":1761969198448,"endTime":1761969198482.5369,"status":"passed","message":"","name":"/Users/royzhu/software/study/nau-works/693/apps/frontend/tests/auth.mock.spec.ts"},{"assertionResults":[{"ancestorTitles":["Dashboard API with Auth"],"fullName":"Dashboard API with Auth should fetch dashboard summary with auth","status":"passed","title":"should fetch dashboard summary with auth","duration":11.570832999999993,"failureMessages":[],"meta":{}}],"startTime":1761969198390,"endTime":1761969198401.5708,"status":"passed","message":"","name":"/Users/royzhu/software/study/nau-works/693/apps/frontend/tests/dashboard-quick.spec.ts"},{"assertionResults":[{"ancestorTitles":["useRagChatStore"],"fullName":"useRagChatStore 排队用户消息并标记加载状态","status":"passed","title":"排队用户消息并标记加载状态","duration":2.1123340000001463,"failureMessages":[],"meta":{}},{"ancestorTitles":["useRagChatStore"],"fullName":"useRagChatStore 成功响应后记录助理回复与 query id","status":"passed","title":"成功响应后记录助理回复与 query id","duration":0.5759579999999005,"failureMessages":[],"meta":{}},{"ancestorTitles":["useRagChatStore"],"fullName":"useRagChatStore 失败后保留最近用户消息供重试","status":"passed","title":"失败后保留最近用户消息供重试","duration":0.7866250000001855,"failureMessages":[],"meta":{}}],"startTime":1761969198428,"endTime":1761969198431.7866,"status":"passed","message":"","name":"/Users/royzhu/software/study/nau-works/693/apps/frontend/tests/rag-chat-store.spec.ts"},{"assertionResults":[{"ancestorTitles":["RBAC mock baseline"],"fullName":"RBAC mock baseline provides minimal roles","status":"passed","title":"provides minimal roles","duration":38.662833999999975,"failureMessages":[],"meta":{}},{"ancestorTitles":["RBAC mock baseline"],"fullName":"RBAC mock baseline returns policies limited to read/admin actions","status":"passed","title":"returns policies limited to read/admin actions","duration":14.486208000000033,"failureMessages":[],"meta":{}},{"ancestorTitles":["RBAC mock baseline"],"fullName":"RBAC mock baseline allows toggling viewer manage permission within allowed actions","status":"passed","title":"allows toggling viewer manage permission within allowed actions","duration":37.97841600000015,"failureMessages":[],"meta":{}},{"ancestorTitles":["RBAC mock baseline"],"fullName":"RBAC mock baseline allows reassigning role members within mock data","status":"passed","title":"allows reassigning role members within mock data","duration":22.157040999999936,"failureMessages":[],"meta":{}},{"ancestorTitles":["RBAC mock baseline"],"fullName":"RBAC mock baseline rejects assigning role to unknown user","status":"passed","title":"rejects assigning role to unknown user","duration":23.916083999999955,"failureMessages":[],"meta":{}}],"startTime":1761969198428,"endTime":1761969198564.916,"status":"passed","message":"","name":"/Users/royzhu/software/study/nau-works/693/apps/frontend/tests/rbac.mock.spec.ts"},{"assertionResults":[{"ancestorTitles":["SSE Parser","parseSSE"],"fullName":"SSE Parser parseSSE should parse single SSE event","status":"passed","title":"should parse single SSE event","duration":2.20308399999999,"failureMessages":[],"meta":{}},{"ancestorTitles":["SSE Parser","parseSSE"],"fullName":"SSE Parser parseSSE should parse multiple SSE events","status":"passed","title":"should parse multiple SSE events","duration":0.41070799999988594,"failureMessages":[],"meta":{}},{"ancestorTitles":["SSE Parser","parseSSE"],"fullName":"SSE Parser parseSSE should handle incomplete events","status":"passed","title":"should handle incomplete events","duration":0.410082999999986,"failureMessages":[],"meta":{}},{"ancestorTitles":["SSE Parser","parseSSE"],"fullName":"SSE Parser parseSSE should ignore comment lines","status":"passed","title":"should ignore comment lines","duration":0.32337500000016917,"failureMessages":[],"meta":{}},{"ancestorTitles":["SSE Parser","parseSSE"],"fullName":"SSE Parser parseSSE should handle malformed JSON gracefully","status":"passed","title":"should handle malformed JSON gracefully","duration":0.32516599999985374,"failureMessages":[],"meta":{}},{"ancestorTitles":["SSE Parser","parseSSE"],"fullName":"SSE Parser parseSSE should preserve remaining data for next parse","status":"passed","title":"should preserve remaining data for next parse","duration":0.4365410000000338,"failureMessages":[],"meta":{}},{"ancestorTitles":["SSE Parser","createSSEEvent"],"fullName":"SSE Parser createSSEEvent should format SSE event correctly","status":"passed","title":"should format SSE event correctly","duration":0.19683299999996962,"failureMessages":[],"meta":{}},{"ancestorTitles":["SSE Parser","createSSEEvent"],"fullName":"SSE Parser createSSEEvent should handle complex data objects","status":"passed","title":"should handle complex data objects","duration":0.25700000000006185,"failureMessages":[],"meta":{}},{"ancestorTitles":["SSE Parser","splitIntoChunks"],"fullName":"SSE Parser splitIntoChunks should split text by word boundaries","status":"passed","title":"should split text by word boundaries","duration":0.33666699999980665,"failureMessages":[],"meta":{}},{"ancestorTitles":["SSE Parser","splitIntoChunks"],"fullName":"SSE Parser splitIntoChunks should respect fixed chunk size","status":"passed","title":"should respect fixed chunk size","duration":0.2130419999998594,"failureMessages":[],"meta":{}},{"ancestorTitles":["SSE Parser","splitIntoChunks"],"fullName":"SSE Parser splitIntoChunks should handle Chinese text","status":"passed","title":"should handle Chinese text","duration":0.20412499999997635,"failureMessages":[],"meta":{}},{"ancestorTitles":["SSE Parser","splitIntoChunks"],"fullName":"SSE Parser splitIntoChunks should split at punctuation","status":"passed","title":"should split at punctuation","duration":0.16762500000004366,"failureMessages":[],"meta":{}},{"ancestorTitles":["useStreamingQuery Hook"],"fullName":"useStreamingQuery Hook should initialize with empty state","status":"passed","title":"should initialize with empty state","duration":6.926584000000048,"failureMessages":[],"meta":{}},{"ancestorTitles":["useStreamingQuery Hook"],"fullName":"useStreamingQuery Hook should accumulate text events","status":"passed","title":"should accumulate text events","duration":7.372916000000032,"failureMessages":[],"meta":{}},{"ancestorTitles":["useStreamingQuery Hook"],"fullName":"useStreamingQuery Hook should call onDone handler when stream completes","status":"passed","title":"should call onDone handler when stream completes","duration":6.547624999999925,"failureMessages":[],"meta":{}},{"ancestorTitles":["useStreamingQuery Hook"],"fullName":"useStreamingQuery Hook should call onError handler on error","status":"passed","title":"should call onError handler on error","duration":5.106042000000116,"failureMessages":[],"meta":{}},{"ancestorTitles":["useStreamingQuery Hook"],"fullName":"useStreamingQuery Hook should reset state when reset is called","status":"passed","title":"should reset state when reset is called","duration":2.527125000000069,"failureMessages":[],"meta":{}},{"ancestorTitles":["Stream Event Types"],"fullName":"Stream Event Types should validate TextEvent structure","status":"passed","title":"should validate TextEvent structure","duration":0.19270799999981136,"failureMessages":[],"meta":{}},{"ancestorTitles":["Stream Event Types"],"fullName":"Stream Event Types should validate EntityEvent structure","status":"passed","title":"should validate EntityEvent structure","duration":0.1588329999999587,"failureMessages":[],"meta":{}},{"ancestorTitles":["Stream Event Types"],"fullName":"Stream Event Types should validate MetadataEvent structure","status":"passed","title":"should validate MetadataEvent structure","duration":0.13504100000000108,"failureMessages":[],"meta":{}},{"ancestorTitles":["Stream Event Types"],"fullName":"Stream Event Types should validate DoneEvent structure","status":"passed","title":"should validate DoneEvent structure","duration":0.13762499999984357,"failureMessages":[],"meta":{}},{"ancestorTitles":["Stream Event Types"],"fullName":"Stream Event Types should validate ErrorEvent structure","status":"passed","title":"should validate ErrorEvent structure","duration":0.12454099999990831,"failureMessages":[],"meta":{}}],"startTime":1761969198521,"endTime":1761969198556.1377,"status":"passed","message":"","name":"/Users/royzhu/software/study/nau-works/693/apps/frontend/tests/streaming.spec.ts"}]}